  [1m[35m (114.4ms)[0m  [1m[35mCREATE DATABASE "nineninecats_development" ENCODING = 'unicode'[0m
  ↳ bin/rails:9
  [1m[35m (46.4ms)[0m  [1m[35mCREATE DATABASE "nineninecats_test" ENCODING = 'unicode'[0m
  ↳ bin/rails:9
  [1m[35m (8.1ms)[0m  [1m[35mCREATE TABLE "schema_migrations" ("version" character varying NOT NULL PRIMARY KEY)[0m
  ↳ bin/rails:9
  [1m[35m (4.2ms)[0m  [1m[35mCREATE TABLE "ar_internal_metadata" ("key" character varying NOT NULL PRIMARY KEY, "value" character varying, "created_at" timestamp NOT NULL, "updated_at" timestamp NOT NULL)[0m
  ↳ bin/rails:9
  [1m[35m (0.1ms)[0m  [1m[34mSELECT pg_try_advisory_lock(7816998957549792570)[0m
  ↳ bin/rails:9
  [1m[35m (0.5ms)[0m  [1m[34mSELECT "schema_migrations"."version" FROM "schema_migrations" ORDER BY "schema_migrations"."version" ASC[0m
  ↳ bin/rails:9
Migrating to CreateCat (20220506182312)
  [1m[35m (0.1ms)[0m  [1m[35mBEGIN[0m
  ↳ bin/rails:9
  [1m[35m (3.5ms)[0m  [1m[35mCREATE TABLE "cats" ("id" bigserial primary key, "birth_date" date NOT NULL, "color" character varying NOT NULL, "name" character varying NOT NULL, "sex" character varying(1) NOT NULL, "description" text NOT NULL, "created_at" timestamp NOT NULL, "updated_at" timestamp NOT NULL)[0m
  ↳ db/migrate/20220506182312_create_cat.rb:3
  [1m[36mActiveRecord::SchemaMigration Create (0.4ms)[0m  [1m[32mINSERT INTO "schema_migrations" ("version") VALUES ($1) RETURNING "version"[0m  [["version", "20220506182312"]]
  ↳ bin/rails:9
  [1m[35m (0.2ms)[0m  [1m[35mCOMMIT[0m
  ↳ bin/rails:9
  [1m[36mActiveRecord::InternalMetadata Load (0.4ms)[0m  [1m[34mSELECT  "ar_internal_metadata".* FROM "ar_internal_metadata" WHERE "ar_internal_metadata"."key" = $1 LIMIT $2[0m  [["key", "environment"], ["LIMIT", 1]]
  ↳ bin/rails:9
  [1m[35m (0.1ms)[0m  [1m[35mBEGIN[0m
  ↳ bin/rails:9
  [1m[36mActiveRecord::InternalMetadata Create (0.3ms)[0m  [1m[32mINSERT INTO "ar_internal_metadata" ("key", "value", "created_at", "updated_at") VALUES ($1, $2, $3, $4) RETURNING "key"[0m  [["key", "environment"], ["value", "development"], ["created_at", "2022-05-06 18:30:28.343498"], ["updated_at", "2022-05-06 18:30:28.343498"]]
  ↳ bin/rails:9
  [1m[35m (0.3ms)[0m  [1m[35mCOMMIT[0m
  ↳ bin/rails:9
  [1m[35m (5.4ms)[0m  [1m[34mSELECT pg_advisory_unlock(7816998957549792570)[0m
  ↳ bin/rails:9
  [1m[35m (0.2ms)[0m  [1m[34mSELECT "schema_migrations"."version" FROM "schema_migrations" ORDER BY "schema_migrations"."version" ASC[0m
  ↳ bin/rails:9
  [1m[35m (0.9ms)[0m  [1m[34mSELECT "schema_migrations"."version" FROM "schema_migrations" ORDER BY "schema_migrations"."version" ASC[0m
  ↳ /Users/karenpolanco/.rbenv/versions/2.5.1/bin/annotate:23
  [1m[35m (0.9ms)[0m  [1m[34mSELECT "schema_migrations"."version" FROM "schema_migrations" ORDER BY "schema_migrations"."version" ASC[0m
  ↳ /Users/karenpolanco/.rbenv/versions/2.5.1/bin/annotate:23
  [1m[35m (1.0ms)[0m  [1m[34mSELECT "schema_migrations"."version" FROM "schema_migrations" ORDER BY "schema_migrations"."version" ASC[0m
  ↳ bin/rails:9
  [1m[35m (0.2ms)[0m  [1m[34mSELECT pg_try_advisory_lock(7816998957549792570)[0m
  ↳ bin/rails:9
  [1m[35m (0.9ms)[0m  [1m[34mSELECT "schema_migrations"."version" FROM "schema_migrations" ORDER BY "schema_migrations"."version" ASC[0m
  ↳ bin/rails:9
Migrating to CreateCats (20220506183253)
  [1m[35m (0.1ms)[0m  [1m[35mBEGIN[0m
  ↳ bin/rails:9
  [1m[35m (9.8ms)[0m  [1m[35mCREATE TABLE "cats" ("id" bigserial primary key, "created_at" timestamp NOT NULL, "updated_at" timestamp NOT NULL)[0m
  ↳ db/migrate/20220506183253_create_cats.rb:3
  [1m[35m (0.1ms)[0m  [1m[31mROLLBACK[0m
  ↳ bin/rails:9
  [1m[35m (0.2ms)[0m  [1m[34mSELECT pg_advisory_unlock(7816998957549792570)[0m
  ↳ bin/rails:9
  [1m[35m (0.6ms)[0m  [1m[34mSELECT "schema_migrations"."version" FROM "schema_migrations" ORDER BY "schema_migrations"."version" ASC[0m
  ↳ bin/rails:9
  [1m[35m (0.2ms)[0m  [1m[34mSELECT pg_try_advisory_lock(7816998957549792570)[0m
  ↳ bin/rake:9
  [1m[35m (0.9ms)[0m  [1m[34mSELECT "schema_migrations"."version" FROM "schema_migrations" ORDER BY "schema_migrations"."version" ASC[0m
  ↳ bin/rake:9
Migrating to CreateCats (20220506183253)
  [1m[35m (0.1ms)[0m  [1m[35mBEGIN[0m
  ↳ bin/rake:9
  [1m[35m (3.9ms)[0m  [1m[35mCREATE TABLE "cats" ("id" bigserial primary key, "created_at" timestamp NOT NULL, "updated_at" timestamp NOT NULL)[0m
  ↳ db/migrate/20220506183253_create_cats.rb:3
  [1m[35m (0.1ms)[0m  [1m[31mROLLBACK[0m
  ↳ bin/rake:9
  [1m[35m (0.1ms)[0m  [1m[34mSELECT pg_advisory_unlock(7816998957549792570)[0m
  ↳ bin/rake:9
  [1m[35m (0.9ms)[0m  [1m[34mSELECT "schema_migrations"."version" FROM "schema_migrations" ORDER BY "schema_migrations"."version" ASC[0m
  ↳ bin/rails:9
  [1m[36mCat Load (4.8ms)[0m  [1m[34mSELECT "cats".* FROM "cats"[0m
  ↳ db/seeds.rb:8
  [1m[35m (0.9ms)[0m  [1m[34mSELECT "schema_migrations"."version" FROM "schema_migrations" ORDER BY "schema_migrations"."version" ASC[0m
  ↳ bin/rails:9
  [1m[36mCat Load (0.5ms)[0m  [1m[34mSELECT "cats".* FROM "cats"[0m
  ↳ db/seeds.rb:8
  [1m[35m (0.1ms)[0m  [1m[35mBEGIN[0m
  ↳ db/seeds.rb:10
  [1m[36mCat Create (2.1ms)[0m  [1m[32mINSERT INTO "cats" ("birth_date", "color", "name", "sex", "description", "created_at", "updated_at") VALUES ($1, $2, $3, $4, $5, $6, $7) RETURNING "id"[0m  [["birth_date", "2015-01-20"], ["color", "white"], ["name", "kitty"], ["sex", "F"], ["description", "small cat"], ["created_at", "2022-05-06 20:20:52.448785"], ["updated_at", "2022-05-06 20:20:52.448785"]]
  ↳ db/seeds.rb:10
  [1m[35m (0.4ms)[0m  [1m[35mCOMMIT[0m
  ↳ db/seeds.rb:10
  [1m[35m (0.1ms)[0m  [1m[35mBEGIN[0m
  ↳ db/seeds.rb:11
  [1m[36mCat Create (0.3ms)[0m  [1m[32mINSERT INTO "cats" ("birth_date", "color", "name", "sex", "description", "created_at", "updated_at") VALUES ($1, $2, $3, $4, $5, $6, $7) RETURNING "id"[0m  [["birth_date", "2000-01-20"], ["color", "orange"], ["name", "Garfield"], ["sex", "M"], ["description", "hungry cat"], ["created_at", "2022-05-06 20:20:52.452546"], ["updated_at", "2022-05-06 20:20:52.452546"]]
  ↳ db/seeds.rb:11
  [1m[35m (0.2ms)[0m  [1m[35mCOMMIT[0m
  ↳ db/seeds.rb:11
  [1m[35m (0.1ms)[0m  [1m[35mBEGIN[0m
  ↳ db/seeds.rb:12
  [1m[36mCat Create (0.2ms)[0m  [1m[32mINSERT INTO "cats" ("birth_date", "color", "name", "sex", "description", "created_at", "updated_at") VALUES ($1, $2, $3, $4, $5, $6, $7) RETURNING "id"[0m  [["birth_date", "1990-01-20"], ["color", "white"], ["name", "hello_kitty"], ["sex", "F"], ["description", "cute cat"], ["created_at", "2022-05-06 20:20:52.453610"], ["updated_at", "2022-05-06 20:20:52.453610"]]
  ↳ db/seeds.rb:12
  [1m[35m (0.2ms)[0m  [1m[35mCOMMIT[0m
  ↳ db/seeds.rb:12
  [1m[35m (0.1ms)[0m  [1m[35mBEGIN[0m
  ↳ db/seeds.rb:13
  [1m[36mCat Create (0.2ms)[0m  [1m[32mINSERT INTO "cats" ("birth_date", "color", "name", "sex", "description", "created_at", "updated_at") VALUES ($1, $2, $3, $4, $5, $6, $7) RETURNING "id"[0m  [["birth_date", "1800-08-05"], ["color", "black"], ["name", "dr_seuss"], ["sex", "F"], ["description", "old cat"], ["created_at", "2022-05-06 20:20:52.454631"], ["updated_at", "2022-05-06 20:20:52.454631"]]
  ↳ db/seeds.rb:13
  [1m[35m (0.2ms)[0m  [1m[35mCOMMIT[0m
  ↳ db/seeds.rb:13
  [1m[36mCat Load (0.9ms)[0m  [1m[34mSELECT "cats".* FROM "cats"[0m
  [1m[36mCat Load (0.3ms)[0m  [1m[34mSELECT  "cats".* FROM "cats" ORDER BY "cats"."id" DESC LIMIT $1[0m  [["LIMIT", 1]]
Started GET "/cats" for ::1 at 2022-05-06 16:52:56 -0400
  
ActiveRecord::NoDatabaseError (connection to server on socket "/tmp/.s.PGSQL.5432" failed: FATAL:  database "nineninecats_development" does not exist
):
  
activerecord (5.2.7.1) lib/active_record/connection_adapters/postgresql_adapter.rb:696:in `rescue in connect'
activerecord (5.2.7.1) lib/active_record/connection_adapters/postgresql_adapter.rb:691:in `connect'
activerecord (5.2.7.1) lib/active_record/connection_adapters/postgresql_adapter.rb:223:in `initialize'
activerecord (5.2.7.1) lib/active_record/connection_adapters/postgresql_adapter.rb:48:in `new'
activerecord (5.2.7.1) lib/active_record/connection_adapters/postgresql_adapter.rb:48:in `postgresql_connection'
activerecord (5.2.7.1) lib/active_record/connection_adapters/abstract/connection_pool.rb:830:in `new_connection'
activerecord (5.2.7.1) lib/active_record/connection_adapters/abstract/connection_pool.rb:874:in `checkout_new_connection'
activerecord (5.2.7.1) lib/active_record/connection_adapters/abstract/connection_pool.rb:853:in `try_to_checkout_new_connection'
activerecord (5.2.7.1) lib/active_record/connection_adapters/abstract/connection_pool.rb:814:in `acquire_connection'
activerecord (5.2.7.1) lib/active_record/connection_adapters/abstract/connection_pool.rb:538:in `checkout'
activerecord (5.2.7.1) lib/active_record/connection_adapters/abstract/connection_pool.rb:382:in `connection'
activerecord (5.2.7.1) lib/active_record/connection_adapters/abstract/connection_pool.rb:1033:in `retrieve_connection'
activerecord (5.2.7.1) lib/active_record/connection_handling.rb:118:in `retrieve_connection'
activerecord (5.2.7.1) lib/active_record/connection_handling.rb:90:in `connection'
activerecord (5.2.7.1) lib/active_record/migration.rb:554:in `call'
actionpack (5.2.7.1) lib/action_dispatch/middleware/callbacks.rb:28:in `block in call'
activesupport (5.2.7.1) lib/active_support/callbacks.rb:98:in `run_callbacks'
actionpack (5.2.7.1) lib/action_dispatch/middleware/callbacks.rb:26:in `call'
actionpack (5.2.7.1) lib/action_dispatch/middleware/executor.rb:14:in `call'
actionpack (5.2.7.1) lib/action_dispatch/middleware/debug_exceptions.rb:61:in `call'
web-console (3.7.0) lib/web_console/middleware.rb:135:in `call_app'
web-console (3.7.0) lib/web_console/middleware.rb:30:in `block in call'
web-console (3.7.0) lib/web_console/middleware.rb:20:in `catch'
web-console (3.7.0) lib/web_console/middleware.rb:20:in `call'
actionpack (5.2.7.1) lib/action_dispatch/middleware/show_exceptions.rb:33:in `call'
railties (5.2.7.1) lib/rails/rack/logger.rb:38:in `call_app'
railties (5.2.7.1) lib/rails/rack/logger.rb:26:in `block in call'
activesupport (5.2.7.1) lib/active_support/tagged_logging.rb:71:in `block in tagged'
activesupport (5.2.7.1) lib/active_support/tagged_logging.rb:28:in `tagged'
activesupport (5.2.7.1) lib/active_support/tagged_logging.rb:71:in `tagged'
railties (5.2.7.1) lib/rails/rack/logger.rb:26:in `call'
sprockets-rails (3.4.2) lib/sprockets/rails/quiet_assets.rb:13:in `call'
actionpack (5.2.7.1) lib/action_dispatch/middleware/remote_ip.rb:81:in `call'
actionpack (5.2.7.1) lib/action_dispatch/middleware/request_id.rb:27:in `call'
rack (2.2.3) lib/rack/method_override.rb:24:in `call'
rack (2.2.3) lib/rack/runtime.rb:22:in `call'
activesupport (5.2.7.1) lib/active_support/cache/strategy/local_cache_middleware.rb:29:in `call'
actionpack (5.2.7.1) lib/action_dispatch/middleware/executor.rb:14:in `call'
actionpack (5.2.7.1) lib/action_dispatch/middleware/static.rb:127:in `call'
rack (2.2.3) lib/rack/sendfile.rb:110:in `call'
railties (5.2.7.1) lib/rails/engine.rb:524:in `call'
puma (3.12.6) lib/puma/configuration.rb:227:in `call'
puma (3.12.6) lib/puma/server.rb:706:in `handle_request'
puma (3.12.6) lib/puma/server.rb:476:in `process_client'
puma (3.12.6) lib/puma/server.rb:334:in `block in run'
puma (3.12.6) lib/puma/thread_pool.rb:135:in `block in spawn_thread'
  [1m[35m (113.4ms)[0m  [1m[35mCREATE DATABASE "nineninecats_development" ENCODING = 'unicode'[0m
  ↳ bin/rails:9
  [1m[35m (37.3ms)[0m  [1m[35mCREATE DATABASE "nineninecats_test" ENCODING = 'unicode'[0m
  ↳ bin/rails:9
Started GET "/cats" for ::1 at 2022-05-06 16:53:54 -0400
  
ActiveRecord::PendingMigrationError (

Migrations are pending. To resolve this issue, run:

        bin/rails db:migrate RAILS_ENV=development

):
  
activerecord (5.2.7.1) lib/active_record/migration.rb:579:in `check_pending!'
activerecord (5.2.7.1) lib/active_record/migration.rb:556:in `call'
actionpack (5.2.7.1) lib/action_dispatch/middleware/callbacks.rb:28:in `block in call'
activesupport (5.2.7.1) lib/active_support/callbacks.rb:98:in `run_callbacks'
actionpack (5.2.7.1) lib/action_dispatch/middleware/callbacks.rb:26:in `call'
actionpack (5.2.7.1) lib/action_dispatch/middleware/executor.rb:14:in `call'
actionpack (5.2.7.1) lib/action_dispatch/middleware/debug_exceptions.rb:61:in `call'
web-console (3.7.0) lib/web_console/middleware.rb:135:in `call_app'
web-console (3.7.0) lib/web_console/middleware.rb:30:in `block in call'
web-console (3.7.0) lib/web_console/middleware.rb:20:in `catch'
web-console (3.7.0) lib/web_console/middleware.rb:20:in `call'
actionpack (5.2.7.1) lib/action_dispatch/middleware/show_exceptions.rb:33:in `call'
railties (5.2.7.1) lib/rails/rack/logger.rb:38:in `call_app'
railties (5.2.7.1) lib/rails/rack/logger.rb:26:in `block in call'
activesupport (5.2.7.1) lib/active_support/tagged_logging.rb:71:in `block in tagged'
activesupport (5.2.7.1) lib/active_support/tagged_logging.rb:28:in `tagged'
activesupport (5.2.7.1) lib/active_support/tagged_logging.rb:71:in `tagged'
railties (5.2.7.1) lib/rails/rack/logger.rb:26:in `call'
sprockets-rails (3.4.2) lib/sprockets/rails/quiet_assets.rb:13:in `call'
actionpack (5.2.7.1) lib/action_dispatch/middleware/remote_ip.rb:81:in `call'
actionpack (5.2.7.1) lib/action_dispatch/middleware/request_id.rb:27:in `call'
rack (2.2.3) lib/rack/method_override.rb:24:in `call'
rack (2.2.3) lib/rack/runtime.rb:22:in `call'
activesupport (5.2.7.1) lib/active_support/cache/strategy/local_cache_middleware.rb:29:in `call'
actionpack (5.2.7.1) lib/action_dispatch/middleware/executor.rb:14:in `call'
actionpack (5.2.7.1) lib/action_dispatch/middleware/static.rb:127:in `call'
rack (2.2.3) lib/rack/sendfile.rb:110:in `call'
railties (5.2.7.1) lib/rails/engine.rb:524:in `call'
puma (3.12.6) lib/puma/configuration.rb:227:in `call'
puma (3.12.6) lib/puma/server.rb:706:in `handle_request'
puma (3.12.6) lib/puma/server.rb:476:in `process_client'
puma (3.12.6) lib/puma/server.rb:334:in `block in run'
puma (3.12.6) lib/puma/thread_pool.rb:135:in `block in spawn_thread'
  [1m[35m (17.3ms)[0m  [1m[35mCREATE TABLE "schema_migrations" ("version" character varying NOT NULL PRIMARY KEY)[0m
  ↳ bin/rails:9
  [1m[35m (2.4ms)[0m  [1m[35mCREATE TABLE "ar_internal_metadata" ("key" character varying NOT NULL PRIMARY KEY, "value" character varying, "created_at" timestamp NOT NULL, "updated_at" timestamp NOT NULL)[0m
  ↳ bin/rails:9
  [1m[35m (0.4ms)[0m  [1m[34mSELECT pg_try_advisory_lock(7816998957549792570)[0m
  ↳ bin/rails:9
  [1m[35m (0.5ms)[0m  [1m[34mSELECT "schema_migrations"."version" FROM "schema_migrations" ORDER BY "schema_migrations"."version" ASC[0m
  ↳ bin/rails:9
Migrating to CreateCat (20220506182312)
  [1m[35m (0.1ms)[0m  [1m[35mBEGIN[0m
  ↳ bin/rails:9
  [1m[35m (3.9ms)[0m  [1m[35mCREATE TABLE "cats" ("id" bigserial primary key, "birth_date" date NOT NULL, "color" character varying NOT NULL, "name" character varying NOT NULL, "sex" character varying(1) NOT NULL, "description" text NOT NULL, "created_at" timestamp NOT NULL, "updated_at" timestamp NOT NULL)[0m
  ↳ db/migrate/20220506182312_create_cat.rb:3
  [1m[36mActiveRecord::SchemaMigration Create (0.5ms)[0m  [1m[32mINSERT INTO "schema_migrations" ("version") VALUES ($1) RETURNING "version"[0m  [["version", "20220506182312"]]
  ↳ bin/rails:9
  [1m[35m (0.1ms)[0m  [1m[35mCOMMIT[0m
  ↳ bin/rails:9
  [1m[36mActiveRecord::InternalMetadata Load (0.1ms)[0m  [1m[34mSELECT  "ar_internal_metadata".* FROM "ar_internal_metadata" WHERE "ar_internal_metadata"."key" = $1 LIMIT $2[0m  [["key", "environment"], ["LIMIT", 1]]
  ↳ bin/rails:9
  [1m[35m (0.0ms)[0m  [1m[35mBEGIN[0m
  ↳ bin/rails:9
  [1m[36mActiveRecord::InternalMetadata Create (3.2ms)[0m  [1m[32mINSERT INTO "ar_internal_metadata" ("key", "value", "created_at", "updated_at") VALUES ($1, $2, $3, $4) RETURNING "key"[0m  [["key", "environment"], ["value", "development"], ["created_at", "2022-05-06 20:54:38.633411"], ["updated_at", "2022-05-06 20:54:38.633411"]]
  ↳ bin/rails:9
  [1m[35m (0.2ms)[0m  [1m[35mCOMMIT[0m
  ↳ bin/rails:9
  [1m[35m (0.1ms)[0m  [1m[34mSELECT pg_advisory_unlock(7816998957549792570)[0m
  ↳ bin/rails:9
  [1m[35m (0.1ms)[0m  [1m[34mSELECT "schema_migrations"."version" FROM "schema_migrations" ORDER BY "schema_migrations"."version" ASC[0m
  ↳ bin/rails:9
Started GET "/cats" for ::1 at 2022-05-06 16:54:48 -0400
  [1m[35m (0.6ms)[0m  [1m[34mSELECT "schema_migrations"."version" FROM "schema_migrations" ORDER BY "schema_migrations"."version" ASC[0m
  ↳ /Users/cuatrobook/.rbenv/versions/2.5.1/lib/ruby/gems/2.5.0/gems/activerecord-5.2.7.1/lib/active_record/log_subscriber.rb:98
  
SyntaxError (/Users/cuatrobook/Documents/App Academy/W6D5/w6d5/nineninecats/app/controllers/cats_controller.rb:60: syntax error, unexpected end-of-input, expecting keyword_end):
  
app/controllers/cats_controller.rb:60: syntax error, unexpected end-of-input, expecting keyword_end
Started GET "/cats" for ::1 at 2022-05-06 16:55:37 -0400
  [1m[35m (0.5ms)[0m  [1m[34mSELECT "schema_migrations"."version" FROM "schema_migrations" ORDER BY "schema_migrations"."version" ASC[0m
  ↳ /Users/cuatrobook/.rbenv/versions/2.5.1/lib/ruby/gems/2.5.0/gems/activerecord-5.2.7.1/lib/active_record/log_subscriber.rb:98
Processing by CatsController#index as */*
  Rendering cats/index.html.erb within layouts/application
  Rendered cats/index.html.erb within layouts/application (0.6ms)
Completed 500 Internal Server Error in 20ms (ActiveRecord: 0.0ms)


  
SyntaxError (/Users/cuatrobook/Documents/App Academy/W6D5/w6d5/nineninecats/app/views/cats/index.html.erb:7: syntax error, unexpected keyword_end
...eze;@output_buffer.append=( end );
...                            ^~~
/Users/cuatrobook/Documents/App Academy/W6D5/w6d5/nineninecats/app/views/cats/index.html.erb:10: syntax error, unexpected keyword_ensure, expecting ')'
          ensure
          ^~~~~~
/Users/cuatrobook/Documents/App Academy/W6D5/w6d5/nineninecats/app/views/cats/index.html.erb:12: syntax error, unexpected keyword_end, expecting ')'
          end
          ^~~):
  
app/views/cats/index.html.erb:7: syntax error, unexpected keyword_end
app/views/cats/index.html.erb:10: syntax error, unexpected keyword_ensure, expecting ')'
app/views/cats/index.html.erb:12: syntax error, unexpected keyword_end, expecting ')'
app/controllers/cats_controller.rb:5:in `index'
Started GET "/cats" for ::1 at 2022-05-06 16:57:16 -0400
Processing by CatsController#index as */*
  Rendering cats/index.html.erb within layouts/application
  Rendered cats/index.html.erb within layouts/application (1.0ms)
Completed 500 Internal Server Error in 23ms (ActiveRecord: 0.0ms)


  
SyntaxError (/Users/cuatrobook/Documents/App Academy/W6D5/w6d5/nineninecats/app/views/cats/index.html.erb:7: syntax error, unexpected keyword_end
...eze;@output_buffer.append=( end );@output_buffer.safe_append...
...                            ^~~
/Users/cuatrobook/Documents/App Academy/W6D5/w6d5/nineninecats/app/views/cats/index.html.erb:11: syntax error, unexpected keyword_ensure, expecting ')'
          ensure
          ^~~~~~
/Users/cuatrobook/Documents/App Academy/W6D5/w6d5/nineninecats/app/views/cats/index.html.erb:13: syntax error, unexpected keyword_end, expecting ')'
          end
          ^~~):
  
app/views/cats/index.html.erb:7: syntax error, unexpected keyword_end
app/views/cats/index.html.erb:11: syntax error, unexpected keyword_ensure, expecting ')'
app/views/cats/index.html.erb:13: syntax error, unexpected keyword_end, expecting ')'
app/controllers/cats_controller.rb:5:in `index'
Started GET "/cats" for ::1 at 2022-05-06 16:58:11 -0400
  [1m[35m (0.6ms)[0m  [1m[34mSELECT "schema_migrations"."version" FROM "schema_migrations" ORDER BY "schema_migrations"."version" ASC[0m
  ↳ /Users/cuatrobook/.rbenv/versions/2.5.1/lib/ruby/gems/2.5.0/gems/activerecord-5.2.7.1/lib/active_record/log_subscriber.rb:98
Processing by CatsController#index as */*
  Rendering cats/index.html.erb within layouts/application
  Rendered cats/index.html.erb within layouts/application (0.5ms)
Completed 500 Internal Server Error in 18ms (ActiveRecord: 0.0ms)


  
SyntaxError (/Users/cuatrobook/Documents/App Academy/W6D5/w6d5/nineninecats/app/views/cats/index.html.erb:7: syntax error, unexpected keyword_end
...eze;@output_buffer.append=( end );@output_buffer.safe_append...
...                            ^~~
/Users/cuatrobook/Documents/App Academy/W6D5/w6d5/nineninecats/app/views/cats/index.html.erb:11: syntax error, unexpected keyword_ensure, expecting ')'
          ensure
          ^~~~~~
/Users/cuatrobook/Documents/App Academy/W6D5/w6d5/nineninecats/app/views/cats/index.html.erb:13: syntax error, unexpected keyword_end, expecting ')'
          end
          ^~~):
  
app/views/cats/index.html.erb:7: syntax error, unexpected keyword_end
app/views/cats/index.html.erb:11: syntax error, unexpected keyword_ensure, expecting ')'
app/views/cats/index.html.erb:13: syntax error, unexpected keyword_end, expecting ')'
app/controllers/cats_controller.rb:5:in `index'
Started GET "/cats" for ::1 at 2022-05-06 17:00:16 -0400
Processing by CatsController#index as */*
  Rendering cats/index.html.erb within layouts/application
  Rendered cats/index.html.erb within layouts/application (0.5ms)
Completed 500 Internal Server Error in 29ms (ActiveRecord: 0.0ms)


  
SyntaxError (/Users/cuatrobook/Documents/App Academy/W6D5/w6d5/nineninecats/app/views/cats/index.html.erb:8: syntax error, unexpected keyword_end
...eze;@output_buffer.append=( end );@output_buffer.safe_append...
...                            ^~~
/Users/cuatrobook/Documents/App Academy/W6D5/w6d5/nineninecats/app/views/cats/index.html.erb:13: syntax error, unexpected keyword_ensure, expecting ')'
          ensure
          ^~~~~~
/Users/cuatrobook/Documents/App Academy/W6D5/w6d5/nineninecats/app/views/cats/index.html.erb:15: syntax error, unexpected keyword_end, expecting ')'
          end
          ^~~):
  
app/views/cats/index.html.erb:8: syntax error, unexpected keyword_end
app/views/cats/index.html.erb:13: syntax error, unexpected keyword_ensure, expecting ')'
app/views/cats/index.html.erb:15: syntax error, unexpected keyword_end, expecting ')'
app/controllers/cats_controller.rb:5:in `index'
Started GET "/cats" for ::1 at 2022-05-06 17:00:48 -0400
Processing by CatsController#index as */*
  Rendering cats/index.html.erb within layouts/application
  Rendered cats/index.html.erb within layouts/application (14.8ms)
Completed 500 Internal Server Error in 45ms (ActiveRecord: 0.0ms)


  
ActionView::Template::Error (undefined method `each' for nil:NilClass):
    2: <h1> Come see all the cats! </h1>
    3: 
    4: 
    5: <ul> <% @cats.each do |cat| %>
    6:      <li> <%=  cat.name %> </li>
    7: 
    8:  <% end %>
  
app/views/cats/index.html.erb:5:in `_app_views_cats_index_html_erb___2639168948305054920_70329179365920'
app/controllers/cats_controller.rb:5:in `index'
Started GET "/cats" for ::1 at 2022-05-06 17:01:42 -0400
Processing by CatsController#index as */*
  Rendering cats/index.html.erb within layouts/application
  [1m[36mCat Load (1.4ms)[0m  [1m[34mSELECT "cats".* FROM "cats"[0m
  ↳ app/views/cats/index.html.erb:5
  Rendered cats/index.html.erb within layouts/application (4.0ms)
Completed 200 OK in 479ms (Views: 473.9ms | ActiveRecord: 2.5ms)


Started GET "/cats" for ::1 at 2022-05-06 17:02:58 -0400
Processing by CatsController#index as */*
  Rendering cats/index.html.erb within layouts/application
  [1m[36mCat Load (0.3ms)[0m  [1m[34mSELECT "cats".* FROM "cats"[0m
  ↳ app/views/cats/index.html.erb:7
  Rendered cats/index.html.erb within layouts/application (1.2ms)
Completed 200 OK in 38ms (Views: 35.9ms | ActiveRecord: 0.3ms)


Started GET "/cats" for ::1 at 2022-05-06 17:04:10 -0400
Processing by CatsController#index as */*
  Rendering cats/index.html.erb within layouts/application
  [1m[36mCat Load (1.4ms)[0m  [1m[34mSELECT "cats".* FROM "cats"[0m
  ↳ app/views/cats/index.html.erb:7
  Rendered cats/index.html.erb within layouts/application (2.5ms)
Completed 200 OK in 47ms (Views: 44.0ms | ActiveRecord: 1.4ms)


  [1m[35m (0.9ms)[0m  [1m[34mSELECT "schema_migrations"."version" FROM "schema_migrations" ORDER BY "schema_migrations"."version" ASC[0m
  ↳ bin/rails:9
  [1m[36mCat Load (0.5ms)[0m  [1m[34mSELECT "cats".* FROM "cats"[0m
  ↳ db/seeds.rb:8
  [1m[35m (0.1ms)[0m  [1m[35mBEGIN[0m
  ↳ db/seeds.rb:10
  [1m[36mCat Create (6.0ms)[0m  [1m[32mINSERT INTO "cats" ("birth_date", "color", "name", "sex", "description", "created_at", "updated_at") VALUES ($1, $2, $3, $4, $5, $6, $7) RETURNING "id"[0m  [["birth_date", "2015-01-20"], ["color", "white"], ["name", "kitty"], ["sex", "F"], ["description", "small cat"], ["created_at", "2022-05-06 21:05:02.329448"], ["updated_at", "2022-05-06 21:05:02.329448"]]
  ↳ db/seeds.rb:10
  [1m[35m (1.7ms)[0m  [1m[35mCOMMIT[0m
  ↳ db/seeds.rb:10
  [1m[35m (0.1ms)[0m  [1m[35mBEGIN[0m
  ↳ db/seeds.rb:11
  [1m[36mCat Create (0.3ms)[0m  [1m[32mINSERT INTO "cats" ("birth_date", "color", "name", "sex", "description", "created_at", "updated_at") VALUES ($1, $2, $3, $4, $5, $6, $7) RETURNING "id"[0m  [["birth_date", "2000-01-20"], ["color", "orange"], ["name", "Garfield"], ["sex", "M"], ["description", "hungry cat"], ["created_at", "2022-05-06 21:05:02.340625"], ["updated_at", "2022-05-06 21:05:02.340625"]]
  ↳ db/seeds.rb:11
  [1m[35m (0.2ms)[0m  [1m[35mCOMMIT[0m
  ↳ db/seeds.rb:11
  [1m[35m (0.1ms)[0m  [1m[35mBEGIN[0m
  ↳ db/seeds.rb:12
  [1m[36mCat Create (0.3ms)[0m  [1m[32mINSERT INTO "cats" ("birth_date", "color", "name", "sex", "description", "created_at", "updated_at") VALUES ($1, $2, $3, $4, $5, $6, $7) RETURNING "id"[0m  [["birth_date", "1990-01-20"], ["color", "white"], ["name", "hello_kitty"], ["sex", "F"], ["description", "cute cat"], ["created_at", "2022-05-06 21:05:02.341910"], ["updated_at", "2022-05-06 21:05:02.341910"]]
  ↳ db/seeds.rb:12
  [1m[35m (0.2ms)[0m  [1m[35mCOMMIT[0m
  ↳ db/seeds.rb:12
  [1m[35m (0.1ms)[0m  [1m[35mBEGIN[0m
  ↳ db/seeds.rb:13
  [1m[36mCat Create (0.2ms)[0m  [1m[32mINSERT INTO "cats" ("birth_date", "color", "name", "sex", "description", "created_at", "updated_at") VALUES ($1, $2, $3, $4, $5, $6, $7) RETURNING "id"[0m  [["birth_date", "1800-08-05"], ["color", "black"], ["name", "dr_seuss"], ["sex", "F"], ["description", "old cat"], ["created_at", "2022-05-06 21:05:02.343071"], ["updated_at", "2022-05-06 21:05:02.343071"]]
  ↳ db/seeds.rb:13
  [1m[35m (0.2ms)[0m  [1m[35mCOMMIT[0m
  ↳ db/seeds.rb:13
Started GET "/cats" for ::1 at 2022-05-06 17:09:14 -0400
  [1m[35m (0.6ms)[0m  [1m[34mSELECT "schema_migrations"."version" FROM "schema_migrations" ORDER BY "schema_migrations"."version" ASC[0m
  ↳ /Users/cuatrobook/.rbenv/versions/2.5.1/lib/ruby/gems/2.5.0/gems/activerecord-5.2.7.1/lib/active_record/log_subscriber.rb:98
Processing by CatsController#index as */*
  Rendering cats/index.html.erb within layouts/application
  [1m[36mCat Load (0.5ms)[0m  [1m[34mSELECT "cats".* FROM "cats"[0m
  ↳ app/views/cats/index.html.erb:7
  Rendered cats/index.html.erb within layouts/application (12.5ms)
Completed 200 OK in 113ms (Views: 103.2ms | ActiveRecord: 5.9ms)


Started GET "/cats/1/show" for ::1 at 2022-05-06 17:10:13 -0400
  
ActionController::RoutingError (No route matches [GET] "/cats/1/show"):
  
actionpack (5.2.7.1) lib/action_dispatch/middleware/debug_exceptions.rb:65:in `call'
web-console (3.7.0) lib/web_console/middleware.rb:135:in `call_app'
web-console (3.7.0) lib/web_console/middleware.rb:30:in `block in call'
web-console (3.7.0) lib/web_console/middleware.rb:20:in `catch'
web-console (3.7.0) lib/web_console/middleware.rb:20:in `call'
actionpack (5.2.7.1) lib/action_dispatch/middleware/show_exceptions.rb:33:in `call'
railties (5.2.7.1) lib/rails/rack/logger.rb:38:in `call_app'
railties (5.2.7.1) lib/rails/rack/logger.rb:26:in `block in call'
activesupport (5.2.7.1) lib/active_support/tagged_logging.rb:71:in `block in tagged'
activesupport (5.2.7.1) lib/active_support/tagged_logging.rb:28:in `tagged'
activesupport (5.2.7.1) lib/active_support/tagged_logging.rb:71:in `tagged'
railties (5.2.7.1) lib/rails/rack/logger.rb:26:in `call'
sprockets-rails (3.4.2) lib/sprockets/rails/quiet_assets.rb:13:in `call'
actionpack (5.2.7.1) lib/action_dispatch/middleware/remote_ip.rb:81:in `call'
actionpack (5.2.7.1) lib/action_dispatch/middleware/request_id.rb:27:in `call'
rack (2.2.3) lib/rack/method_override.rb:24:in `call'
rack (2.2.3) lib/rack/runtime.rb:22:in `call'
activesupport (5.2.7.1) lib/active_support/cache/strategy/local_cache_middleware.rb:29:in `call'
actionpack (5.2.7.1) lib/action_dispatch/middleware/executor.rb:14:in `call'
actionpack (5.2.7.1) lib/action_dispatch/middleware/static.rb:127:in `call'
rack (2.2.3) lib/rack/sendfile.rb:110:in `call'
railties (5.2.7.1) lib/rails/engine.rb:524:in `call'
puma (3.12.6) lib/puma/configuration.rb:227:in `call'
puma (3.12.6) lib/puma/server.rb:706:in `handle_request'
puma (3.12.6) lib/puma/server.rb:476:in `process_client'
puma (3.12.6) lib/puma/server.rb:334:in `block in run'
puma (3.12.6) lib/puma/thread_pool.rb:135:in `block in spawn_thread'
Started GET "/cats/1" for ::1 at 2022-05-06 17:10:29 -0400
Processing by CatsController#show as */*
  Parameters: {"id"=>"1"}
  [1m[36mCat Load (3.2ms)[0m  [1m[34mSELECT  "cats".* FROM "cats" WHERE (1) LIMIT $1[0m  [["LIMIT", 1]]
  ↳ app/controllers/cats_controller.rb:9
Completed 500 Internal Server Error in 6ms (ActiveRecord: 3.2ms)


  
ActiveRecord::StatementInvalid (PG::DatatypeMismatch: ERROR:  argument of WHERE must be type boolean, not type integer
LINE 1: SELECT  "cats".* FROM "cats" WHERE (1) LIMIT $1
                                            ^
: SELECT  "cats".* FROM "cats" WHERE (1) LIMIT $1):
  
app/controllers/cats_controller.rb:9:in `show'
Started GET "/cat/1" for ::1 at 2022-05-06 17:11:44 -0400
  [1m[35m (1.2ms)[0m  [1m[34mSELECT "schema_migrations"."version" FROM "schema_migrations" ORDER BY "schema_migrations"."version" ASC[0m
  ↳ /Users/cuatrobook/.rbenv/versions/2.5.1/lib/ruby/gems/2.5.0/gems/activerecord-5.2.7.1/lib/active_record/log_subscriber.rb:98
  
ActionController::RoutingError (No route matches [GET] "/cat/1"):
  
actionpack (5.2.7.1) lib/action_dispatch/middleware/debug_exceptions.rb:65:in `call'
web-console (3.7.0) lib/web_console/middleware.rb:135:in `call_app'
web-console (3.7.0) lib/web_console/middleware.rb:30:in `block in call'
web-console (3.7.0) lib/web_console/middleware.rb:20:in `catch'
web-console (3.7.0) lib/web_console/middleware.rb:20:in `call'
actionpack (5.2.7.1) lib/action_dispatch/middleware/show_exceptions.rb:33:in `call'
railties (5.2.7.1) lib/rails/rack/logger.rb:38:in `call_app'
railties (5.2.7.1) lib/rails/rack/logger.rb:26:in `block in call'
activesupport (5.2.7.1) lib/active_support/tagged_logging.rb:71:in `block in tagged'
activesupport (5.2.7.1) lib/active_support/tagged_logging.rb:28:in `tagged'
activesupport (5.2.7.1) lib/active_support/tagged_logging.rb:71:in `tagged'
railties (5.2.7.1) lib/rails/rack/logger.rb:26:in `call'
sprockets-rails (3.4.2) lib/sprockets/rails/quiet_assets.rb:13:in `call'
actionpack (5.2.7.1) lib/action_dispatch/middleware/remote_ip.rb:81:in `call'
actionpack (5.2.7.1) lib/action_dispatch/middleware/request_id.rb:27:in `call'
rack (2.2.3) lib/rack/method_override.rb:24:in `call'
rack (2.2.3) lib/rack/runtime.rb:22:in `call'
activesupport (5.2.7.1) lib/active_support/cache/strategy/local_cache_middleware.rb:29:in `call'
actionpack (5.2.7.1) lib/action_dispatch/middleware/executor.rb:14:in `call'
actionpack (5.2.7.1) lib/action_dispatch/middleware/static.rb:127:in `call'
rack (2.2.3) lib/rack/sendfile.rb:110:in `call'
railties (5.2.7.1) lib/rails/engine.rb:524:in `call'
puma (3.12.6) lib/puma/configuration.rb:227:in `call'
puma (3.12.6) lib/puma/server.rb:706:in `handle_request'
puma (3.12.6) lib/puma/server.rb:476:in `process_client'
puma (3.12.6) lib/puma/server.rb:334:in `block in run'
puma (3.12.6) lib/puma/thread_pool.rb:135:in `block in spawn_thread'
Started GET "/cats/1" for ::1 at 2022-05-06 17:11:55 -0400
Processing by CatsController#show as */*
  Parameters: {"id"=>"1"}
  [1m[36mCat Load (1.5ms)[0m  [1m[34mSELECT  "cats".* FROM "cats" WHERE (1) LIMIT $1[0m  [["LIMIT", 1]]
  ↳ app/controllers/cats_controller.rb:9
Completed 500 Internal Server Error in 12ms (ActiveRecord: 3.0ms)


  
ActiveRecord::StatementInvalid (PG::DatatypeMismatch: ERROR:  argument of WHERE must be type boolean, not type integer
LINE 1: SELECT  "cats".* FROM "cats" WHERE (1) LIMIT $1
                                            ^
: SELECT  "cats".* FROM "cats" WHERE (1) LIMIT $1):
  
app/controllers/cats_controller.rb:9:in `show'
Started GET "/cats/1" for ::1 at 2022-05-06 17:12:07 -0400
Processing by CatsController#show as */*
  Parameters: {"id"=>"1"}
  [1m[36mCat Load (1.0ms)[0m  [1m[34mSELECT  "cats".* FROM "cats" WHERE (1) LIMIT $1[0m  [["LIMIT", 1]]
  ↳ app/controllers/cats_controller.rb:9
Completed 500 Internal Server Error in 3ms (ActiveRecord: 1.0ms)


  
ActiveRecord::StatementInvalid (PG::DatatypeMismatch: ERROR:  argument of WHERE must be type boolean, not type integer
LINE 1: SELECT  "cats".* FROM "cats" WHERE (1) LIMIT $1
                                            ^
: SELECT  "cats".* FROM "cats" WHERE (1) LIMIT $1):
  
app/controllers/cats_controller.rb:9:in `show'
Started GET "/cats" for ::1 at 2022-05-06 17:12:48 -0400
Processing by CatsController#index as */*
  Rendering cats/index.html.erb within layouts/application
  [1m[36mCat Load (0.7ms)[0m  [1m[34mSELECT "cats".* FROM "cats"[0m
  ↳ app/views/cats/index.html.erb:7
  Rendered cats/index.html.erb within layouts/application (16.4ms)
Completed 200 OK in 165ms (Views: 159.8ms | ActiveRecord: 4.0ms)


Started GET "/cats/1" for ::1 at 2022-05-06 17:13:06 -0400
Processing by CatsController#show as */*
  Parameters: {"id"=>"1"}
  [1m[36mCat Load (1.5ms)[0m  [1m[34mSELECT  "cats".* FROM "cats" WHERE (1) LIMIT $1[0m  [["LIMIT", 1]]
  ↳ app/controllers/cats_controller.rb:9
Completed 500 Internal Server Error in 3ms (ActiveRecord: 1.5ms)


  
ActiveRecord::StatementInvalid (PG::DatatypeMismatch: ERROR:  argument of WHERE must be type boolean, not type integer
LINE 1: SELECT  "cats".* FROM "cats" WHERE (1) LIMIT $1
                                            ^
: SELECT  "cats".* FROM "cats" WHERE (1) LIMIT $1):
  
app/controllers/cats_controller.rb:9:in `show'
Started GET "/:id" for ::1 at 2022-05-06 17:14:06 -0400
  
ActionController::RoutingError (No route matches [GET] "/:id"):
  
actionpack (5.2.7.1) lib/action_dispatch/middleware/debug_exceptions.rb:65:in `call'
web-console (3.7.0) lib/web_console/middleware.rb:135:in `call_app'
web-console (3.7.0) lib/web_console/middleware.rb:30:in `block in call'
web-console (3.7.0) lib/web_console/middleware.rb:20:in `catch'
web-console (3.7.0) lib/web_console/middleware.rb:20:in `call'
actionpack (5.2.7.1) lib/action_dispatch/middleware/show_exceptions.rb:33:in `call'
railties (5.2.7.1) lib/rails/rack/logger.rb:38:in `call_app'
railties (5.2.7.1) lib/rails/rack/logger.rb:26:in `block in call'
activesupport (5.2.7.1) lib/active_support/tagged_logging.rb:71:in `block in tagged'
activesupport (5.2.7.1) lib/active_support/tagged_logging.rb:28:in `tagged'
activesupport (5.2.7.1) lib/active_support/tagged_logging.rb:71:in `tagged'
railties (5.2.7.1) lib/rails/rack/logger.rb:26:in `call'
sprockets-rails (3.4.2) lib/sprockets/rails/quiet_assets.rb:13:in `call'
actionpack (5.2.7.1) lib/action_dispatch/middleware/remote_ip.rb:81:in `call'
actionpack (5.2.7.1) lib/action_dispatch/middleware/request_id.rb:27:in `call'
rack (2.2.3) lib/rack/method_override.rb:24:in `call'
rack (2.2.3) lib/rack/runtime.rb:22:in `call'
activesupport (5.2.7.1) lib/active_support/cache/strategy/local_cache_middleware.rb:29:in `call'
actionpack (5.2.7.1) lib/action_dispatch/middleware/executor.rb:14:in `call'
actionpack (5.2.7.1) lib/action_dispatch/middleware/static.rb:127:in `call'
rack (2.2.3) lib/rack/sendfile.rb:110:in `call'
railties (5.2.7.1) lib/rails/engine.rb:524:in `call'
puma (3.12.6) lib/puma/configuration.rb:227:in `call'
puma (3.12.6) lib/puma/server.rb:706:in `handle_request'
puma (3.12.6) lib/puma/server.rb:476:in `process_client'
puma (3.12.6) lib/puma/server.rb:334:in `block in run'
puma (3.12.6) lib/puma/thread_pool.rb:135:in `block in spawn_thread'
Started GET "/cats/1" for ::1 at 2022-05-06 17:14:18 -0400
Processing by CatsController#show as */*
  Parameters: {"id"=>"1"}
  [1m[36mCat Load (2.1ms)[0m  [1m[34mSELECT  "cats".* FROM "cats" WHERE (1) LIMIT $1[0m  [["LIMIT", 1]]
  ↳ app/controllers/cats_controller.rb:9
Completed 500 Internal Server Error in 7ms (ActiveRecord: 2.1ms)


  
ActiveRecord::StatementInvalid (PG::DatatypeMismatch: ERROR:  argument of WHERE must be type boolean, not type integer
LINE 1: SELECT  "cats".* FROM "cats" WHERE (1) LIMIT $1
                                            ^
: SELECT  "cats".* FROM "cats" WHERE (1) LIMIT $1):
  
app/controllers/cats_controller.rb:9:in `show'
Started GET "/cats/:id" for ::1 at 2022-05-06 17:14:30 -0400
Processing by CatsController#show as */*
  Parameters: {"id"=>":id"}
  [1m[36mCat Load (0.9ms)[0m  [1m[34mSELECT  "cats".* FROM "cats" WHERE (:id) LIMIT $1[0m  [["LIMIT", 1]]
  ↳ app/controllers/cats_controller.rb:9
Completed 500 Internal Server Error in 2ms (ActiveRecord: 0.9ms)


  
ActiveRecord::StatementInvalid (PG::SyntaxError: ERROR:  syntax error at or near ":"
LINE 1: SELECT  "cats".* FROM "cats" WHERE (:id) LIMIT $1
                                            ^
: SELECT  "cats".* FROM "cats" WHERE (:id) LIMIT $1):
  
app/controllers/cats_controller.rb:9:in `show'
Started GET "/cat" for ::1 at 2022-05-06 17:14:36 -0400
  
ActionController::RoutingError (No route matches [GET] "/cat"):
  
actionpack (5.2.7.1) lib/action_dispatch/middleware/debug_exceptions.rb:65:in `call'
web-console (3.7.0) lib/web_console/middleware.rb:135:in `call_app'
web-console (3.7.0) lib/web_console/middleware.rb:30:in `block in call'
web-console (3.7.0) lib/web_console/middleware.rb:20:in `catch'
web-console (3.7.0) lib/web_console/middleware.rb:20:in `call'
actionpack (5.2.7.1) lib/action_dispatch/middleware/show_exceptions.rb:33:in `call'
railties (5.2.7.1) lib/rails/rack/logger.rb:38:in `call_app'
railties (5.2.7.1) lib/rails/rack/logger.rb:26:in `block in call'
activesupport (5.2.7.1) lib/active_support/tagged_logging.rb:71:in `block in tagged'
activesupport (5.2.7.1) lib/active_support/tagged_logging.rb:28:in `tagged'
activesupport (5.2.7.1) lib/active_support/tagged_logging.rb:71:in `tagged'
railties (5.2.7.1) lib/rails/rack/logger.rb:26:in `call'
sprockets-rails (3.4.2) lib/sprockets/rails/quiet_assets.rb:13:in `call'
actionpack (5.2.7.1) lib/action_dispatch/middleware/remote_ip.rb:81:in `call'
actionpack (5.2.7.1) lib/action_dispatch/middleware/request_id.rb:27:in `call'
rack (2.2.3) lib/rack/method_override.rb:24:in `call'
rack (2.2.3) lib/rack/runtime.rb:22:in `call'
activesupport (5.2.7.1) lib/active_support/cache/strategy/local_cache_middleware.rb:29:in `call'
actionpack (5.2.7.1) lib/action_dispatch/middleware/executor.rb:14:in `call'
actionpack (5.2.7.1) lib/action_dispatch/middleware/static.rb:127:in `call'
rack (2.2.3) lib/rack/sendfile.rb:110:in `call'
railties (5.2.7.1) lib/rails/engine.rb:524:in `call'
puma (3.12.6) lib/puma/configuration.rb:227:in `call'
puma (3.12.6) lib/puma/server.rb:706:in `handle_request'
puma (3.12.6) lib/puma/server.rb:476:in `process_client'
puma (3.12.6) lib/puma/server.rb:334:in `block in run'
puma (3.12.6) lib/puma/thread_pool.rb:135:in `block in spawn_thread'
  [1m[36mCat Load (0.5ms)[0m  [1m[34mSELECT  "cats".* FROM "cats" ORDER BY "cats"."id" ASC LIMIT $1[0m  [["LIMIT", 1]]
  [1m[36mCat Load (0.5ms)[0m  [1m[34mSELECT "cats".* FROM "cats"[0m
Started GET "/cats/:id/1" for ::1 at 2022-05-06 17:16:22 -0400
  
ActionController::RoutingError (No route matches [GET] "/cats/:id/1"):
  
actionpack (5.2.7.1) lib/action_dispatch/middleware/debug_exceptions.rb:65:in `call'
web-console (3.7.0) lib/web_console/middleware.rb:135:in `call_app'
web-console (3.7.0) lib/web_console/middleware.rb:30:in `block in call'
web-console (3.7.0) lib/web_console/middleware.rb:20:in `catch'
web-console (3.7.0) lib/web_console/middleware.rb:20:in `call'
actionpack (5.2.7.1) lib/action_dispatch/middleware/show_exceptions.rb:33:in `call'
railties (5.2.7.1) lib/rails/rack/logger.rb:38:in `call_app'
railties (5.2.7.1) lib/rails/rack/logger.rb:26:in `block in call'
activesupport (5.2.7.1) lib/active_support/tagged_logging.rb:71:in `block in tagged'
activesupport (5.2.7.1) lib/active_support/tagged_logging.rb:28:in `tagged'
activesupport (5.2.7.1) lib/active_support/tagged_logging.rb:71:in `tagged'
railties (5.2.7.1) lib/rails/rack/logger.rb:26:in `call'
sprockets-rails (3.4.2) lib/sprockets/rails/quiet_assets.rb:13:in `call'
actionpack (5.2.7.1) lib/action_dispatch/middleware/remote_ip.rb:81:in `call'
actionpack (5.2.7.1) lib/action_dispatch/middleware/request_id.rb:27:in `call'
rack (2.2.3) lib/rack/method_override.rb:24:in `call'
rack (2.2.3) lib/rack/runtime.rb:22:in `call'
activesupport (5.2.7.1) lib/active_support/cache/strategy/local_cache_middleware.rb:29:in `call'
actionpack (5.2.7.1) lib/action_dispatch/middleware/executor.rb:14:in `call'
actionpack (5.2.7.1) lib/action_dispatch/middleware/static.rb:127:in `call'
rack (2.2.3) lib/rack/sendfile.rb:110:in `call'
railties (5.2.7.1) lib/rails/engine.rb:524:in `call'
puma (3.12.6) lib/puma/configuration.rb:227:in `call'
puma (3.12.6) lib/puma/server.rb:706:in `handle_request'
puma (3.12.6) lib/puma/server.rb:476:in `process_client'
puma (3.12.6) lib/puma/server.rb:334:in `block in run'
puma (3.12.6) lib/puma/thread_pool.rb:135:in `block in spawn_thread'
Started GET "/cats/1" for ::1 at 2022-05-06 17:18:40 -0400
Processing by CatsController#show as */*
  Parameters: {"id"=>"1"}
  [1m[36mCat Load (1.4ms)[0m  [1m[34mSELECT  "cats".* FROM "cats" WHERE (1) LIMIT $1[0m  [["LIMIT", 1]]
  ↳ app/controllers/cats_controller.rb:9
Completed 500 Internal Server Error in 8ms (ActiveRecord: 1.4ms)


  
ActiveRecord::StatementInvalid (PG::DatatypeMismatch: ERROR:  argument of WHERE must be type boolean, not type integer
LINE 1: SELECT  "cats".* FROM "cats" WHERE (1) LIMIT $1
                                            ^
: SELECT  "cats".* FROM "cats" WHERE (1) LIMIT $1):
  
app/controllers/cats_controller.rb:9:in `show'
Started GET "/cats/1" for ::1 at 2022-05-06 17:19:32 -0400
Processing by CatsController#show as */*
  Parameters: {"id"=>"1"}
Completed 500 Internal Server Error in 2ms (ActiveRecord: 0.0ms)


  
NoMethodError (undefined method `[]' for nil:NilClass):
  
app/controllers/cats_controller.rb:9:in `show'
Started GET "/cats/1" for ::1 at 2022-05-06 17:20:08 -0400
  
SyntaxError (/Users/cuatrobook/Documents/App Academy/W6D5/w6d5/nineninecats/app/controllers/cats_controller.rb:9: syntax error, unexpected tIDENTIFIER, expecting ')'
...  @cat = Cat.find_by(:id params[:id])
...                         ^~~~~~
/Users/cuatrobook/Documents/App Academy/W6D5/w6d5/nineninecats/app/controllers/cats_controller.rb:9: syntax error, unexpected ')', expecting keyword_end
... = Cat.find_by(:id params[:id])
...                              ^):
  
app/controllers/cats_controller.rb:9: syntax error, unexpected tIDENTIFIER, expecting ')'
app/controllers/cats_controller.rb:9: syntax error, unexpected ')', expecting keyword_end
Started GET "/cats/1" for ::1 at 2022-05-06 17:20:59 -0400
Processing by CatsController#show as */*
  Parameters: {"id"=>"1"}
  [1m[36mCat Load (0.3ms)[0m  [1m[34mSELECT  "cats".* FROM "cats" WHERE "cats"."id" = $1 LIMIT $2[0m  [["id", 1], ["LIMIT", 1]]
  ↳ app/controllers/cats_controller.rb:9
  Rendering cats/show.html.erb within layouts/application
  Rendered cats/show.html.erb within layouts/application (0.4ms)
Completed 200 OK in 45ms (Views: 31.0ms | ActiveRecord: 4.3ms)


Started GET "/cats" for ::1 at 2022-05-06 17:23:08 -0400
Processing by CatsController#index as */*
  Rendering cats/index.html.erb within layouts/application
  [1m[36mCat Load (0.3ms)[0m  [1m[34mSELECT "cats".* FROM "cats"[0m
  ↳ app/views/cats/index.html.erb:7
  Rendered cats/index.html.erb within layouts/application (20.1ms)
Completed 500 Internal Server Error in 38ms (ActiveRecord: 3.9ms)


  
ActionView::Template::Error (No route matches {:action=>"show", :controller=>"cats"}, missing required keys: [:id]):
     6: 
     7:     <% @cats.each do |cat| %>
     8:      <li> <%=  cat.name %> </li>
     9:      <a href = <%= cat_url %>>> </a>
    10: 
    11:     <% end %>
    12:  </ul>
  
app/views/cats/index.html.erb:9:in `block in _app_views_cats_index_html_erb__1785334788207195745_70298557450000'
app/views/cats/index.html.erb:7:in `_app_views_cats_index_html_erb__1785334788207195745_70298557450000'
app/controllers/cats_controller.rb:5:in `index'
Started GET "/cats" for ::1 at 2022-05-06 17:23:31 -0400
Processing by CatsController#index as */*
  Rendering cats/index.html.erb within layouts/application
  [1m[36mCat Load (0.3ms)[0m  [1m[34mSELECT "cats".* FROM "cats"[0m
  ↳ app/views/cats/index.html.erb:7
  Rendered cats/index.html.erb within layouts/application (11.9ms)
Completed 500 Internal Server Error in 26ms (ActiveRecord: 0.3ms)


  
ActionView::Template::Error (No route matches {:action=>"show", :controller=>"cats"}, missing required keys: [:id]):
     6: 
     7:     <% @cats.each do |cat| %>
     8:      <li> <%=  cat.name %> </li>
     9:      <a href = "<%= cat_url %>>" > </a>
    10: 
    11:     <% end %>
    12:  </ul>
  
app/views/cats/index.html.erb:9:in `block in _app_views_cats_index_html_erb__1785334788207195745_70298553452020'
app/views/cats/index.html.erb:7:in `_app_views_cats_index_html_erb__1785334788207195745_70298553452020'
app/controllers/cats_controller.rb:5:in `index'
Started GET "/cats" for ::1 at 2022-05-06 17:24:17 -0400
Processing by CatsController#index as */*
  Rendering cats/index.html.erb within layouts/application
  [1m[36mCat Load (2.0ms)[0m  [1m[34mSELECT "cats".* FROM "cats"[0m
  ↳ app/views/cats/index.html.erb:7
  Rendered cats/index.html.erb within layouts/application (19.7ms)
Completed 500 Internal Server Error in 35ms (ActiveRecord: 2.0ms)


  
ActionView::Template::Error (undefined method `url' for #<Cat:0x00007fdf51108dc0>):
     6: 
     7:     <% @cats.each do |cat| %>
     8:      <li> <%=  cat.name %> </li>
     9:      <a href = "<%= cat.url %>>" > </a>
    10: 
    11:     <% end %>
    12:  </ul>
  
app/views/cats/index.html.erb:9:in `block in _app_views_cats_index_html_erb__1785334788207195745_70298557272160'
app/views/cats/index.html.erb:7:in `_app_views_cats_index_html_erb__1785334788207195745_70298557272160'
app/controllers/cats_controller.rb:5:in `index'
Started GET "/cats" for ::1 at 2022-05-06 17:29:50 -0400
Processing by CatsController#index as */*
  Rendering cats/index.html.erb within layouts/application
  [1m[36mCat Load (0.8ms)[0m  [1m[34mSELECT "cats".* FROM "cats"[0m
  ↳ app/views/cats/index.html.erb:7
  Rendered cats/index.html.erb within layouts/application (17.6ms)
Completed 500 Internal Server Error in 34ms (ActiveRecord: 0.8ms)


  
ActionView::Template::Error (undefined method `url' for #<Cat:0x00007fdf51071b00>):
     6: 
     7:     <% @cats.each do |cat| %>
     8:      <li> <%=  cat.name %> </li>
     9:     <li> <a href = "<%= cat.url(cat.id) %>>" > MY URL</a></li>
    10: 
    11:     <% end %>
    12:  </ul>
  
app/views/cats/index.html.erb:9:in `block in _app_views_cats_index_html_erb__1785334788207195745_70298556963640'
app/views/cats/index.html.erb:7:in `_app_views_cats_index_html_erb__1785334788207195745_70298556963640'
app/controllers/cats_controller.rb:5:in `index'
Started GET "/cats" for ::1 at 2022-05-06 17:30:07 -0400
Processing by CatsController#index as */*
  Rendering cats/index.html.erb within layouts/application
  [1m[36mCat Load (0.3ms)[0m  [1m[34mSELECT "cats".* FROM "cats"[0m
  ↳ app/views/cats/index.html.erb:7
  Rendered cats/index.html.erb within layouts/application (1.5ms)
Completed 200 OK in 28ms (Views: 27.4ms | ActiveRecord: 0.3ms)


Started GET "/cats" for ::1 at 2022-05-06 17:31:06 -0400
Processing by CatsController#index as */*
  Rendering cats/index.html.erb within layouts/application
  [1m[36mCat Load (0.4ms)[0m  [1m[34mSELECT "cats".* FROM "cats"[0m
  ↳ app/views/cats/index.html.erb:7
  Rendered cats/index.html.erb within layouts/application (1.5ms)
Completed 200 OK in 29ms (Views: 28.6ms | ActiveRecord: 0.4ms)


Started GET "/cats" for ::1 at 2022-05-06 17:31:25 -0400
Processing by CatsController#index as */*
  Rendering cats/index.html.erb within layouts/application
  [1m[36mCat Load (0.4ms)[0m  [1m[34mSELECT "cats".* FROM "cats"[0m
  ↳ app/views/cats/index.html.erb:7
  Rendered cats/index.html.erb within layouts/application (2.2ms)
Completed 200 OK in 28ms (Views: 27.3ms | ActiveRecord: 0.4ms)


Started GET "/cats" for ::1 at 2022-05-06 17:31:44 -0400
Processing by CatsController#index as */*
  Rendering cats/index.html.erb within layouts/application
  [1m[36mCat Load (0.3ms)[0m  [1m[34mSELECT "cats".* FROM "cats"[0m
  ↳ app/views/cats/index.html.erb:7
  Rendered cats/index.html.erb within layouts/application (2.7ms)
Completed 200 OK in 28ms (Views: 27.3ms | ActiveRecord: 0.3ms)


Started GET "/cats" for ::1 at 2022-05-06 17:31:58 -0400
Processing by CatsController#index as */*
  Rendering cats/index.html.erb within layouts/application
  [1m[36mCat Load (0.3ms)[0m  [1m[34mSELECT "cats".* FROM "cats"[0m
  ↳ app/views/cats/index.html.erb:7
  Rendered cats/index.html.erb within layouts/application (1.3ms)
Completed 200 OK in 25ms (Views: 24.6ms | ActiveRecord: 0.3ms)


Started GET "/cats" for ::1 at 2022-05-06 17:32:06 -0400
Processing by CatsController#index as */*
  Rendering cats/index.html.erb within layouts/application
  [1m[36mCat Load (0.3ms)[0m  [1m[34mSELECT "cats".* FROM "cats"[0m
  ↳ app/views/cats/index.html.erb:7
  Rendered cats/index.html.erb within layouts/application (1.5ms)
Completed 200 OK in 30ms (Views: 28.7ms | ActiveRecord: 0.3ms)


